[I 23:51:30.952 NotebookApp] The port 8754 is already in use, trying another port.
[I 23:51:30.952 NotebookApp] The port 8755 is already in use, trying another port.
[I 23:51:30.952 NotebookApp] The port 8756 is already in use, trying another port.
[I 23:51:30.952 NotebookApp] The port 8757 is already in use, trying another port.
[I 23:51:30.974 NotebookApp] Serving notebooks from local directory: /home/denizulug/idiom/idiom-recog
[I 23:51:30.974 NotebookApp] 0 active kernels 
[I 23:51:30.974 NotebookApp] The Jupyter Notebook is running at: http://localhost:8758/?token=d43b7c4a31bd8c8b0bf7abdb8d75b8f538a082357deeb0c8
[I 23:51:30.974 NotebookApp] Use Control-C to stop this server and shut down all kernels (twice to skip confirmation).
[C 23:51:30.975 NotebookApp] 
    
    Copy/paste this URL into your browser when you connect for the first time,
    to login with a token:
        http://localhost:8758/?token=d43b7c4a31bd8c8b0bf7abdb8d75b8f538a082357deeb0c8
[I 23:52:25.485 NotebookApp] 302 GET /?token=d43b7c4a31bd8c8b0bf7abdb8d75b8f538a082357deeb0c8 (127.0.0.1) 0.71ms
[I 00:01:59.198 NotebookApp] Saving file at /train.py
[I 00:02:18.005 NotebookApp] Saving file at /train.py
[I 00:02:42.117 NotebookApp] Saving file at /train.py
[I 00:03:03.679 NotebookApp] Saving file at /train.py
[I 00:04:32.703 NotebookApp] Saving file at /train.py
[I 00:04:42.289 NotebookApp] Saving file at /train.py
[I 00:04:53.515 NotebookApp] Saving file at /train.py
[I 00:04:53.783 NotebookApp] Saving file at /train.py
[I 00:04:54.032 NotebookApp] Saving file at /train.py
[I 00:04:54.256 NotebookApp] Saving file at /train.py
[I 00:04:54.456 NotebookApp] Saving file at /train.py
[I 00:04:54.663 NotebookApp] Saving file at /train.py
[I 00:04:54.872 NotebookApp] Saving file at /train.py
[I 00:04:55.218 NotebookApp] Saving file at /train.py
[I 00:05:34.297 NotebookApp] Saving file at /train.py
[I 00:05:49.460 NotebookApp] Saving file at /train.py
[I 00:05:50.035 NotebookApp] Saving file at /train.py
[I 00:06:37.641 NotebookApp] Saving file at /train.py
[I 00:06:38.136 NotebookApp] Saving file at /train.py
[I 00:07:05.579 NotebookApp] Saving file at /train.py
[I 00:09:02.826 NotebookApp] Saving file at /train.py
[I 00:09:23.092 NotebookApp] Saving file at /train.py
[I 00:11:15.805 NotebookApp] Saving file at /train.py
[I 00:11:21.775 NotebookApp] Saving file at /train.py
[I 00:11:35.992 NotebookApp] Saving file at /train.py
[I 00:14:39.402 NotebookApp] Saving file at /train.py
[I 00:14:59.720 NotebookApp] Saving file at /train.py
[I 00:22:53.029 NotebookApp] Saving file at /train.py
[I 00:23:10.492 NotebookApp] Saving file at /train.py
[I 00:24:03.857 NotebookApp] Saving file at /train.py
[I 00:24:14.528 NotebookApp] Saving file at /train.py
[I 00:24:14.775 NotebookApp] Saving file at /train.py
[I 00:24:15.080 NotebookApp] Saving file at /train.py
[I 00:24:16.029 NotebookApp] Saving file at /train.py
[I 00:24:20.020 NotebookApp] Saving file at /train.py
[I 00:28:37.633 NotebookApp] Saving file at /train.py
[I 00:28:38.158 NotebookApp] Saving file at /train.py
[I 00:28:46.515 NotebookApp] Saving file at /train.py
[I 00:28:46.797 NotebookApp] Saving file at /train.py
[I 00:28:47.034 NotebookApp] Saving file at /train.py
[I 00:29:09.596 NotebookApp] Saving file at /train.py
[I 00:29:09.782 NotebookApp] Saving file at /train.py
[I 00:29:09.996 NotebookApp] Saving file at /train.py
[I 00:29:10.651 NotebookApp] Saving file at /train.py
[I 00:31:08.302 NotebookApp] Saving file at /train.py
[I 00:31:08.613 NotebookApp] Saving file at /train.py
[I 00:31:08.903 NotebookApp] Saving file at /train.py
[I 00:31:15.884 NotebookApp] Saving file at /train.py
[I 00:31:47.282 NotebookApp] Saving file at /train.py
[I 00:32:22.704 NotebookApp] Saving file at /train.py
[I 00:32:43.928 NotebookApp] Saving file at /train.py
[I 00:33:34.134 NotebookApp] Saving file at /train.py
[I 00:33:34.468 NotebookApp] Saving file at /train.py
[I 00:33:34.826 NotebookApp] Saving file at /train.py
[I 00:33:35.163 NotebookApp] Saving file at /train.py
[I 00:33:35.432 NotebookApp] Saving file at /train.py
[I 00:33:35.733 NotebookApp] Saving file at /train.py
[I 00:33:35.985 NotebookApp] Saving file at /train.py
[I 00:33:53.301 NotebookApp] Saving file at /train.py
[I 00:33:54.485 NotebookApp] Saving file at /train.py
[I 00:33:55.244 NotebookApp] Saving file at /train.py
[I 00:34:01.034 NotebookApp] Saving file at /train.py
[I 00:34:23.249 NotebookApp] Saving file at /train.py
[I 00:34:33.216 NotebookApp] Saving file at /train.py
[I 00:34:36.928 NotebookApp] Saving file at /train.py
[I 00:35:04.913 NotebookApp] Saving file at /train.py
[I 00:35:05.164 NotebookApp] Saving file at /train.py
[I 00:35:05.392 NotebookApp] Saving file at /train.py
[I 00:35:05.604 NotebookApp] Saving file at /train.py
[I 00:35:05.776 NotebookApp] Saving file at /train.py
[I 00:35:29.291 NotebookApp] Saving file at /train.py
[I 00:35:38.172 NotebookApp] Saving file at /train.py
[I 00:35:50.267 NotebookApp] Saving file at /train.py
[I 00:35:58.349 NotebookApp] Saving file at /train.py
[I 00:35:58.602 NotebookApp] Saving file at /train.py
[I 00:36:08.575 NotebookApp] Saving file at /train.py
[I 00:36:08.802 NotebookApp] Saving file at /train.py
[I 00:36:15.222 NotebookApp] Saving file at /train.py
[I 00:36:18.828 NotebookApp] Saving file at /train.py
[I 00:36:30.121 NotebookApp] Saving file at /train.py
[I 00:36:33.810 NotebookApp] Saving file at /train.py
[I 00:36:34.044 NotebookApp] Saving file at /train.py
[I 00:36:34.295 NotebookApp] Saving file at /train.py
[I 00:36:34.866 NotebookApp] Saving file at /train.py
[I 00:36:36.205 NotebookApp] Saving file at /train.py
[I 00:37:10.362 NotebookApp] Saving file at /train.py
[I 00:37:28.010 NotebookApp] Saving file at /train.py
[I 00:37:28.275 NotebookApp] Saving file at /train.py
[I 00:37:28.550 NotebookApp] Saving file at /train.py
[I 00:37:47.611 NotebookApp] Saving file at /train.py
[I 00:38:11.570 NotebookApp] Saving file at /train.py
[I 00:38:19.346 NotebookApp] Saving file at /train.py
[I 00:38:19.595 NotebookApp] Saving file at /train.py
[I 00:38:19.779 NotebookApp] Saving file at /train.py
[I 00:45:24.014 NotebookApp] Saving file at /train.py
[I 01:17:38.724 NotebookApp] Saving file at /train.py
[I 01:17:39.043 NotebookApp] Saving file at /train.py
[I 01:17:39.304 NotebookApp] Saving file at /train.py
[I 01:17:39.555 NotebookApp] Saving file at /train.py
[I 01:17:39.791 NotebookApp] Saving file at /train.py
[I 01:17:40.024 NotebookApp] Saving file at /train.py
[I 01:17:40.228 NotebookApp] Saving file at /train.py
[I 01:17:42.685 NotebookApp] Saving file at /train.py
[I 01:17:42.941 NotebookApp] Saving file at /train.py
[I 01:17:43.177 NotebookApp] Saving file at /train.py
[I 01:17:43.384 NotebookApp] Saving file at /train.py
[I 01:17:43.566 NotebookApp] Saving file at /train.py
[I 01:18:05.459 NotebookApp] Saving file at /utils/rnnData.py
[I 01:18:05.719 NotebookApp] Saving file at /utils/rnnData.py
[I 01:18:05.988 NotebookApp] Saving file at /utils/rnnData.py
[I 01:18:29.820 NotebookApp] Saving file at /train.py
[I 01:18:38.147 NotebookApp] Saving file at /train.py
[I 01:18:38.454 NotebookApp] Saving file at /train.py
[I 01:18:42.550 NotebookApp] Saving file at /utils/rnnData.py
[I 01:18:42.780 NotebookApp] Saving file at /utils/rnnData.py
[I 01:18:43.006 NotebookApp] Saving file at /utils/rnnData.py
[I 01:18:43.230 NotebookApp] Saving file at /utils/rnnData.py
[I 01:18:43.647 NotebookApp] Saving file at /utils/rnnData.py
[I 01:18:44.224 NotebookApp] Saving file at /utils/rnnData.py
[I 01:18:57.176 NotebookApp] Saving file at /utils/rnnData.py
[I 01:18:57.399 NotebookApp] Saving file at /utils/rnnData.py
[I 01:18:58.905 NotebookApp] Saving file at /utils/rnnData.py
[I 01:19:29.445 NotebookApp] Saving file at /utils/rnnData.py
[I 01:19:29.703 NotebookApp] Saving file at /utils/rnnData.py
[I 01:19:29.916 NotebookApp] Saving file at /utils/rnnData.py
[I 01:19:38.030 NotebookApp] Saving file at /utils/rnnData.py
[I 01:19:38.310 NotebookApp] Saving file at /utils/rnnData.py
[I 01:19:38.543 NotebookApp] Saving file at /utils/rnnData.py
[I 01:19:38.765 NotebookApp] Saving file at /utils/rnnData.py
[I 01:19:38.966 NotebookApp] Saving file at /utils/rnnData.py
[I 02:17:46.198 NotebookApp] 302 GET / (127.0.0.1) 0.42ms
[I 02:17:46.202 NotebookApp] 302 GET /tree? (127.0.0.1) 0.66ms
[I 02:18:19.689 NotebookApp] 302 GET /?token=d43b7c4a31bd8c8b0bf7abdb8d75b8f538a082357deeb0c8 (127.0.0.1) 0.49ms
[I 02:19:36.343 NotebookApp] Saving file at /train.py
[I 02:20:06.895 NotebookApp] Saving file at /train.py
[I 02:20:16.280 NotebookApp] Saving file at /train.py
[I 02:20:22.280 NotebookApp] Saving file at /train.py
[I 02:20:22.560 NotebookApp] Saving file at /train.py
[I 02:20:22.937 NotebookApp] Saving file at /train.py
[I 02:20:23.579 NotebookApp] Saving file at /train.py
[I 02:20:23.938 NotebookApp] Saving file at /train.py
[I 02:20:24.825 NotebookApp] Saving file at /train.py
[I 02:21:49.906 NotebookApp] Saving file at /train.py
[I 02:21:50.259 NotebookApp] Saving file at /train.py
[I 02:21:50.593 NotebookApp] Saving file at /train.py
[I 02:21:50.953 NotebookApp] Saving file at /train.py
[I 02:21:51.362 NotebookApp] Saving file at /train.py
[I 02:21:52.050 NotebookApp] Saving file at /train.py
[I 02:21:54.059 NotebookApp] Saving file at /train.py
[I 02:21:54.897 NotebookApp] Saving file at /train.py
[I 02:21:55.531 NotebookApp] Saving file at /train.py
[I 02:21:55.787 NotebookApp] Saving file at /train.py
[I 02:24:17.356 NotebookApp] Saving file at /train.py
[I 02:24:17.698 NotebookApp] Saving file at /train.py
[I 02:24:42.787 NotebookApp] Saving file at /train.py
[I 02:25:23.045 NotebookApp] Saving file at /train.py
[I 02:25:23.324 NotebookApp] Saving file at /train.py
[I 02:25:23.589 NotebookApp] Saving file at /train.py
[I 02:25:23.884 NotebookApp] Saving file at /train.py
[I 02:25:24.140 NotebookApp] Saving file at /train.py
[I 02:25:24.443 NotebookApp] Saving file at /train.py
[I 02:25:24.894 NotebookApp] Saving file at /train.py
[I 02:25:25.332 NotebookApp] Saving file at /train.py
[I 02:25:25.636 NotebookApp] Saving file at /train.py
[I 02:25:26.298 NotebookApp] Saving file at /train.py
[I 02:25:40.740 NotebookApp] Saving file at /train.py
[I 02:25:43.685 NotebookApp] Saving file at /train.py
[I 02:25:44.139 NotebookApp] Saving file at /train.py
[I 02:25:47.247 NotebookApp] Saving file at /train.py
[I 02:25:47.684 NotebookApp] Saving file at /train.py
[I 02:25:48.076 NotebookApp] Saving file at /train.py
[I 02:25:48.364 NotebookApp] Saving file at /train.py
[I 02:25:49.220 NotebookApp] Saving file at /train.py
[I 02:26:38.102 NotebookApp] Saving file at /train.py
[I 02:34:48.485 NotebookApp] Saving file at /train.py
[I 02:34:49.327 NotebookApp] Saving file at /train.py
[I 02:34:49.622 NotebookApp] Saving file at /train.py
[I 02:34:49.893 NotebookApp] Saving file at /train.py
[I 02:44:52.047 NotebookApp] Saving file at /train.py
[I 02:44:52.783 NotebookApp] Saving file at /train.py
[I 03:12:42.428 NotebookApp] Saving file at /train.py
[W 03:45:42.366 NotebookApp] 404 GET /favicon.ico (127.0.0.1) 65.79ms referer=http://localhost:8758/files/sorts.jpg
[I 04:23:21.455 NotebookApp] Saving file at /train.py
[I 04:28:06.985 NotebookApp] Saving file at /train.py
[I 04:28:12.895 NotebookApp] Saving file at /train.py
[I 04:28:14.216 NotebookApp] Saving file at /train.py
[I 04:41:11.061 NotebookApp] Saving file at /train.py
[I 04:41:11.837 NotebookApp] Saving file at /train.py
[I 04:48:49.354 NotebookApp] Saving file at /train.py
[I 04:48:49.995 NotebookApp] Saving file at /train.py
[I 05:14:54.312 NotebookApp] Saving file at /train.py
[I 05:16:00.424 NotebookApp] Saving file at /train.py
[I 05:16:01.008 NotebookApp] Saving file at /train.py
[I 05:16:41.055 NotebookApp] Saving file at /train.py
[I 05:19:44.220 NotebookApp] Saving file at /train.py
[I 05:19:56.954 NotebookApp] Saving file at /train.py
[I 05:19:57.242 NotebookApp] Saving file at /train.py
[I 05:19:57.580 NotebookApp] Saving file at /train.py
[I 05:19:57.892 NotebookApp] Saving file at /train.py
[I 05:19:58.185 NotebookApp] Saving file at /train.py
[I 05:19:58.443 NotebookApp] Saving file at /train.py
[I 05:19:58.693 NotebookApp] Saving file at /train.py
[I 05:19:58.962 NotebookApp] Saving file at /train.py
[I 05:20:32.259 NotebookApp] Saving file at /train.py
[I 05:20:34.067 NotebookApp] Saving file at /train.py
[I 05:20:49.108 NotebookApp] Saving file at /train.py
[I 05:20:49.782 NotebookApp] Saving file at /train.py
[I 05:21:22.781 NotebookApp] Saving file at /train.py
[I 05:21:23.053 NotebookApp] Saving file at /train.py
[I 05:21:23.228 NotebookApp] Saving file at /train.py
[I 05:21:25.662 NotebookApp] Saving file at /train.py
[I 05:21:26.237 NotebookApp] Saving file at /train.py
[I 05:21:47.589 NotebookApp] Saving file at /train.py
[I 05:21:47.854 NotebookApp] Saving file at /train.py
[I 05:22:01.167 NotebookApp] Saving file at /train.py
[I 05:22:01.485 NotebookApp] Saving file at /train.py
[I 05:22:01.726 NotebookApp] Saving file at /train.py
[I 05:22:01.990 NotebookApp] Saving file at /train.py
[I 05:22:02.267 NotebookApp] Saving file at /train.py
[I 05:22:02.701 NotebookApp] Saving file at /train.py
[I 05:22:02.958 NotebookApp] Saving file at /train.py
[I 05:22:03.358 NotebookApp] Saving file at /train.py
[I 05:22:03.795 NotebookApp] Saving file at /train.py
[I 05:22:44.139 NotebookApp] Saving file at /train.py
[I 05:23:08.392 NotebookApp] Saving file at /train.py
[I 05:23:08.660 NotebookApp] Saving file at /train.py
[I 05:23:10.647 NotebookApp] Saving file at /train.py
[I 05:23:12.478 NotebookApp] Saving file at /train.py
[I 05:23:12.838 NotebookApp] Saving file at /train.py
[I 05:26:10.571 NotebookApp] Saving file at /train.py
[I 05:30:19.318 NotebookApp] Saving file at /train.py
[I 05:30:41.115 NotebookApp] Saving file at /train.py
[I 05:31:31.734 NotebookApp] Saving file at /train.py
[I 05:34:40.350 NotebookApp] Saving file at /train.py
[I 05:34:40.656 NotebookApp] Saving file at /train.py
[I 05:35:52.778 NotebookApp] Saving file at /train.py
[I 05:36:03.239 NotebookApp] Saving file at /train.py
[I 05:36:03.593 NotebookApp] Saving file at /train.py
[I 05:36:04.441 NotebookApp] Saving file at /train.py
[I 05:36:04.993 NotebookApp] Saving file at /train.py
[I 05:39:13.581 NotebookApp] Saving file at /train.py
[I 05:39:14.187 NotebookApp] Saving file at /train.py
[I 05:41:25.479 NotebookApp] Saving file at /train.py
[I 05:41:35.197 NotebookApp] Saving file at /train.py
[I 05:41:52.103 NotebookApp] Saving file at /train.py
[I 05:42:04.897 NotebookApp] Saving file at /train.py
[I 05:42:14.886 NotebookApp] Saving file at /train.py
[I 05:42:23.432 NotebookApp] Saving file at /train.py
[I 05:42:40.263 NotebookApp] Saving file at /train.py
[I 05:42:40.494 NotebookApp] Saving file at /train.py
[I 05:42:40.672 NotebookApp] Saving file at /train.py
[I 05:42:46.929 NotebookApp] Saving file at /train.py
[I 05:42:47.273 NotebookApp] Saving file at /train.py
[I 05:42:47.534 NotebookApp] Saving file at /train.py
[I 05:42:47.829 NotebookApp] Saving file at /train.py
[I 05:42:48.240 NotebookApp] Saving file at /train.py
[I 05:43:22.049 NotebookApp] Saving file at /train.py
[I 05:43:22.862 NotebookApp] Saving file at /train.py
[I 05:43:23.510 NotebookApp] Saving file at /train.py
[I 05:43:23.911 NotebookApp] Saving file at /train.py
[I 05:43:25.951 NotebookApp] Saving file at /train.py
[I 05:43:50.287 NotebookApp] Saving file at /train.py
[I 05:43:50.743 NotebookApp] Saving file at /train.py
[I 05:45:55.971 NotebookApp] Saving file at /train.py
[I 05:45:58.209 NotebookApp] Saving file at /train.py
[I 05:45:58.754 NotebookApp] Saving file at /train.py
[I 05:46:32.987 NotebookApp] Saving file at /train.py
[I 05:46:33.279 NotebookApp] Saving file at /train.py
[I 05:46:33.529 NotebookApp] Saving file at /train.py
[I 05:46:33.735 NotebookApp] Saving file at /train.py
[I 05:53:05.146 NotebookApp] Saving file at /train.py
[I 05:53:05.503 NotebookApp] Saving file at /train.py
[I 05:53:05.713 NotebookApp] Saving file at /train.py
[I 05:53:28.698 NotebookApp] Saving file at /train.py
[I 05:53:29.270 NotebookApp] Saving file at /train.py
[I 05:53:29.815 NotebookApp] Saving file at /train.py
[I 05:53:43.544 NotebookApp] Saving file at /train.py
[I 05:53:44.208 NotebookApp] Saving file at /train.py
[I 05:54:12.996 NotebookApp] Saving file at /train.py
[I 05:54:27.265 NotebookApp] Saving file at /train.py
[I 05:54:50.608 NotebookApp] Saving file at /train.py
[I 06:02:33.394 NotebookApp] Saving file at /train.py
[I 06:02:33.710 NotebookApp] Saving file at /train.py
[I 06:02:33.973 NotebookApp] Saving file at /train.py
[I 06:02:47.542 NotebookApp] Saving file at /train.py
[I 06:02:50.309 NotebookApp] Saving file at /train.py
[I 06:02:56.618 NotebookApp] Saving file at /train.py
[I 06:03:00.528 NotebookApp] Saving file at /train.py
[I 06:07:21.444 NotebookApp] Saving file at /train.py
[I 06:18:16.414 NotebookApp] Saving file at /train.py
[I 06:18:18.611 NotebookApp] Saving file at /train.py
[I 06:26:32.391 NotebookApp] Saving file at /train.py
[I 06:26:32.665 NotebookApp] Saving file at /train.py
[I 06:26:32.920 NotebookApp] Saving file at /train.py
[I 06:26:33.138 NotebookApp] Saving file at /train.py
[I 07:08:13.150 NotebookApp] Saving file at /train.py
[I 07:08:14.109 NotebookApp] Saving file at /train.py
[I 07:08:14.428 NotebookApp] Saving file at /train.py
[I 07:08:15.430 NotebookApp] Saving file at /train.py
[I 07:46:25.121 NotebookApp] Saving file at /train.py
[I 07:46:46.422 NotebookApp] Saving file at /train.py
[I 07:46:47.035 NotebookApp] Saving file at /train.py
[I 07:46:47.429 NotebookApp] Saving file at /train.py
[I 09:15:55.302 NotebookApp] 302 GET / (127.0.0.1) 2.78ms
[I 09:15:55.332 NotebookApp] 302 GET /tree? (127.0.0.1) 1.87ms
